2020/06/03 03:28:01 [error] 6#6: *27 FastCGI sent in stderr: "PHP message: An Error occurred while handling another error:
yii\web\HeadersAlreadySentException: Headers already sent in /home/webroot/basic/controllers/TestController.php on line 10. in /home/webroot/basic/vendor/yiisoft/yii2/web/Response.php:366
Stack trace:
#0 /home/webroot/basic/vendor/yiisoft/yii2/web/Response.php(339): yii\web\Response->sendHeaders()
#1 /home/webroot/basic/vendor/yiisoft/yii2/web/ErrorHandler.php(136): yii\web\Response->send()
#2 /home/webroot/basic/vendor/yiisoft/yii2/base/ErrorHandler.php(123): yii\web\ErrorHandler->renderException(Object(yii\web\HeadersAlreadySentException))
#3 [internal function]: yii\base\ErrorHandler->handleException(Object(yii\web\HeadersAlreadySentException))
#4 {main}
Previous exception:
yii\web\HeadersAlreadySentException: Headers already sent in /home/webroot/basic/controllers/TestController.php on line 10. in /home/webroot/basic/vendor/yiisoft/yii2/web/Response.php:366
Stack trace:
#0 /home/webroot/basic/vendor/yiisoft/yii2/web/Response.php(339): yii\web\Response->sendHeaders()
#1 /home/webroot/basic/vendor/yiisoft/yii2/base/Application.php(392): yii\web\Response->send()
#2 /home/webroot/basic/web/index.php(12): yii\base\Application->run()
#3 {main}
$_SERVER = [
    'PHP_EXTRA_CONFIGURE_ARGS' => '--enable-fpm --with-fpm-user=www-data --with-fpm-group=www-data --disable-cgi',
    'HOSTNAME' => '83b8829b4704',
    'PHP_INI_DIR' => '/usr/local/etc/php',
    'HOME' => '/var/www',
    'PHP_LDFLAGS' => '-Wl,-O1 -Wl,--hash-style=both -pie',
    'PHP_CFLAGS' => '-fstack-protector-strong -fpic -fpie -O2 -D_LARGEFILE_SOURCE -D_FILE_OFFSET_BITS=64',
    'PHP_MD5' => '',
    'PHP_VERSION' => '7.3.11',
    'GPG_KEYS' => 'CBAF69F173A0FEA4B537F470D66C9593118BCCB6 F38252826ACD957EF380D39F2F7956BC5DA04B5D',
    'PHP_CPPFLAGS' => '-fstack-protector-strong -fpic -fpie -O2 -D_LARGEFILE_SOURCE -D_FILE_OFFSET_BITS=64',
    'PHP_ASC_URL' => 'https://www.php.net/get/php-7.3.11.tar.xz.asc/from/this/mirror',
    'PHP_URL' =>
2020/06/03 03:28:01 [error] 6#6: *27 FastCGI sent in stderr: "VbVqmkFxC%22%3B%7D',
    'HTTP_ACCEPT_LANGUAGE' => 'zh-CN,zh;q=0.9',
    'HTTP_ACCEPT_ENCODING' => 'gzip, deflate',
    'HTTP_ACCEPT' => 'text/html,application/xhtml+xml,application/xml;q=0.9,image/webp,image/apng,*/*;q=0.8,application/signed-exchange;v=b3;q=0.9',
    'HTTP_USER_AGENT' => 'Mozilla/5.0 (Macintosh; Intel Mac OS X 10_15_5) AppleWebKit/537.36 (KHTML, like Gecko) Chrome/83.0.4103.61 Safari/537.36',
    'HTTP_UPGRADE_INSECURE_REQUESTS' => '1',
    'HTTP_CONNECTION' => 'keep-alive',
    'HTTP_HOST' => 'test',
    'SCRIPT_FILENAME' => '/home/webroot/basic/web/index.php',
    'REDIRECT_STATUS' => '200',
    'SERVER_NAME' => 'test',
    'SERVER_PORT' => '80',
    'SERVER_ADDR' => '172.18.0.4',
    'REMOTE_PORT' => '39622',
    'REMOTE_ADDR' => '172.18.0.1',
    'SERVER_SOFTWARE' => 'nginx/1.16.1',
    'GATEWAY_INTERFACE' => 'CGI/1.1',
    'REQUEST_SCHEME' => 'http',
    'SERVER_PROTOCOL' => 'HTTP/1.1',
    'DOCUMENT_ROOT' => '/home/webroot/basic/web',
    'DOCUMENT_URI' => '/index.php',
    'REQUEST_URI' => '/index.php?r=test/index',
    'SCRIPT_NAME' => '/index.php',
    'CONTENT_LENGTH' => '',
    'CONTENT_TYPE' => '',
    'REQUEST_METHOD' => 'GET',
    'QUERY_STRING' => 'r=test/index',
    'FCGI_ROLE' => 'RESPONDER',
    'PHP_SELF' => '/index.php',
    'REQUEST_TIME_FLOAT' => 1591154881.520285,
    'REQUEST_TIME' => 1591154881,
    'argv' => [
        'r=test/index',
    ],
    'argc' => 1,
]" while reading upstream, client: 172.18.0.1, server: test, request: "GET /index.php?r=test/index HTTP/1.1", upstream: "fastcgi://172.18.0.3:9000", host: "test"
2020/06/03 03:28:17 [error] 6#6: *27 FastCGI sent in stderr: "PHP message: An Error occurred while handling another error:
yii\web\HeadersAlreadySentException: Headers already sent in /home/webroot/basic/controllers/TestController.php on line 10. in /home/webroot/basic/vendor/yiisoft/yii2/web/Response.php:366
Stack trace:
#0 /home/webroot/basic/vendor/yiisoft/yii2/web/Response.php(339): yii\web\Response->sendHeaders()
#1 /home/webroot/basic/vendor/yiisoft/yii2/web/ErrorHandler.php(136): yii\web\Response->send()
#2 /home/webroot/basic/vendor/yiisoft/yii2/base/ErrorHandler.php(123): yii\web\ErrorHandler->renderException(Object(yii\web\HeadersAlreadySentException))
#3 [internal function]: yii\base\ErrorHandler->handleException(Object(yii\web\HeadersAlreadySentException))
#4 {main}
Previous exception:
yii\web\HeadersAlreadySentException: Headers already sent in /home/webroot/basic/controllers/TestController.php on line 10. in /home/webroot/basic/vendor/yiisoft/yii2/web/Response.php:366
Stack trace:
#0 /home/webroot/basic/vendor/yiisoft/yii2/web/Response.php(339): yii\web\Response->sendHeaders()
#1 /home/webroot/basic/vendor/yiisoft/yii2/base/Application.php(392): yii\web\Response->send()
#2 /home/webroot/basic/web/index.php(12): yii\base\Application->run()
#3 {main}
$_SERVER = [
    'PHP_EXTRA_CONFIGURE_ARGS' => '--enable-fpm --with-fpm-user=www-data --with-fpm-group=www-data --disable-cgi',
    'HOSTNAME' => '83b8829b4704',
    'PHP_INI_DIR' => '/usr/local/etc/php',
    'HOME' => '/var/www',
    'PHP_LDFLAGS' => '-Wl,-O1 -Wl,--hash-style=both -pie',
    'PHP_CFLAGS' => '-fstack-protector-strong -fpic -fpie -O2 -D_LARGEFILE_SOURCE -D_FILE_OFFSET_BITS=64',
    'PHP_MD5' => '',
    'PHP_VERSION' => '7.3.11',
    'GPG_KEYS' => 'CBAF69F173A0FEA4B537F470D66C9593118BCCB6 F38252826ACD957EF380D39F2F7956BC5DA04B5D',
    'PHP_CPPFLAGS' => '-fstack-protector-strong -fpic -fpie -O2 -D_LARGEFILE_SOURCE -D_FILE_OFFSET_BITS=64',
    'PHP_ASC_URL' => 'https://www.php.net/get/php-7.3.11.tar.xz.asc/from/this/mirror',
    'PHP_URL' =>
2020/06/03 03:28:17 [error] 6#6: *27 FastCGI sent in stderr: "VbVqmkFxC%22%3B%7D',
    'HTTP_ACCEPT_LANGUAGE' => 'zh-CN,zh;q=0.9',
    'HTTP_ACCEPT_ENCODING' => 'gzip, deflate',
    'HTTP_ACCEPT' => 'text/html,application/xhtml+xml,application/xml;q=0.9,image/webp,image/apng,*/*;q=0.8,application/signed-exchange;v=b3;q=0.9',
    'HTTP_USER_AGENT' => 'Mozilla/5.0 (Macintosh; Intel Mac OS X 10_15_5) AppleWebKit/537.36 (KHTML, like Gecko) Chrome/83.0.4103.61 Safari/537.36',
    'HTTP_UPGRADE_INSECURE_REQUESTS' => '1',
    'HTTP_CACHE_CONTROL' => 'max-age=0',
    'HTTP_CONNECTION' => 'keep-alive',
    'HTTP_HOST' => 'test',
    'SCRIPT_FILENAME' => '/home/webroot/basic/web/index.php',
    'REDIRECT_STATUS' => '200',
    'SERVER_NAME' => 'test',
    'SERVER_PORT' => '80',
    'SERVER_ADDR' => '172.18.0.4',
    'REMOTE_PORT' => '39622',
    'REMOTE_ADDR' => '172.18.0.1',
    'SERVER_SOFTWARE' => 'nginx/1.16.1',
    'GATEWAY_INTERFACE' => 'CGI/1.1',
    'REQUEST_SCHEME' => 'http',
    'SERVER_PROTOCOL' => 'HTTP/1.1',
    'DOCUMENT_ROOT' => '/home/webroot/basic/web',
    'DOCUMENT_URI' => '/index.php',
    'REQUEST_URI' => '/index.php?r=test/index',
    'SCRIPT_NAME' => '/index.php',
    'CONTENT_LENGTH' => '',
    'CONTENT_TYPE' => '',
    'REQUEST_METHOD' => 'GET',
    'QUERY_STRING' => 'r=test/index',
    'FCGI_ROLE' => 'RESPONDER',
    'PHP_SELF' => '/index.php',
    'REQUEST_TIME_FLOAT' => 1591154897.181489,
    'REQUEST_TIME' => 1591154897,
    'argv' => [
        'r=test/index',
    ],
    'argc' => 1,
]" while reading upstream, client: 172.18.0.1, server: test, request: "GET /index.php?r=test/index HTTP/1.1", upstream: "fastcgi://172.18.0.3:9000", host: "test"
2020/06/05 03:33:28 [error] 6#6: *549 FastCGI sent in stderr: "PHP message: An Error occurred while handling another error:
yii\web\HeadersAlreadySentException: Headers already sent in /home/webroot/basic/controllers/HelloController.php on line 9. in /home/webroot/basic/vendor/yiisoft/yii2/web/Response.php:366
Stack trace:
#0 /home/webroot/basic/vendor/yiisoft/yii2/web/Response.php(339): yii\web\Response->sendHeaders()
#1 /home/webroot/basic/vendor/yiisoft/yii2/web/ErrorHandler.php(136): yii\web\Response->send()
#2 /home/webroot/basic/vendor/yiisoft/yii2/base/ErrorHandler.php(123): yii\web\ErrorHandler->renderException(Object(yii\web\HeadersAlreadySentException))
#3 [internal function]: yii\base\ErrorHandler->handleException(Object(yii\web\HeadersAlreadySentException))
#4 {main}
Previous exception:
yii\web\HeadersAlreadySentException: Headers already sent in /home/webroot/basic/controllers/HelloController.php on line 9. in /home/webroot/basic/vendor/yiisoft/yii2/web/Response.php:366
Stack trace:
#0 /home/webroot/basic/vendor/yiisoft/yii2/web/Response.php(339): yii\web\Response->sendHeaders()
#1 /home/webroot/basic/vendor/yiisoft/yii2/base/Application.php(392): yii\web\Response->send()
#2 /home/webroot/basic/web/index.php(12): yii\base\Application->run()
#3 {main}
$_SERVER = [
    'PHP_EXTRA_CONFIGURE_ARGS' => '--enable-fpm --with-fpm-user=www-data --with-fpm-group=www-data --disable-cgi',
    'HOSTNAME' => '83b8829b4704',
    'PHP_INI_DIR' => '/usr/local/etc/php',
    'HOME' => '/var/www',
    'PHP_LDFLAGS' => '-Wl,-O1 -Wl,--hash-style=both -pie',
    'PHP_CFLAGS' => '-fstack-protector-strong -fpic -fpie -O2 -D_LARGEFILE_SOURCE -D_FILE_OFFSET_BITS=64',
    'PHP_MD5' => '',
    'PHP_VERSION' => '7.3.11',
    'GPG_KEYS' => 'CBAF69F173A0FEA4B537F470D66C9593118BCCB6 F38252826ACD957EF380D39F2F7956BC5DA04B5D',
    'PHP_CPPFLAGS' => '-fstack-protector-strong -fpic -fpie -O2 -D_LARGEFILE_SOURCE -D_FILE_OFFSET_BITS=64',
    'PHP_ASC_URL' => 'https://www.php.net/get/php-7.3.11.tar.xz.asc/from/this/mirror',
    'PHP_URL' =
2020/06/05 03:33:28 [error] 6#6: *549 FastCGI sent in stderr: "VbVqmkFxC%22%3B%7D',
    'HTTP_ACCEPT_LANGUAGE' => 'zh-CN,zh;q=0.9',
    'HTTP_ACCEPT_ENCODING' => 'gzip, deflate',
    'HTTP_ACCEPT' => 'text/html,application/xhtml+xml,application/xml;q=0.9,image/webp,image/apng,*/*;q=0.8,application/signed-exchange;v=b3;q=0.9',
    'HTTP_USER_AGENT' => 'Mozilla/5.0 (Macintosh; Intel Mac OS X 10_15_5) AppleWebKit/537.36 (KHTML, like Gecko) Chrome/83.0.4103.61 Safari/537.36',
    'HTTP_UPGRADE_INSECURE_REQUESTS' => '1',
    'HTTP_CONNECTION' => 'keep-alive',
    'HTTP_HOST' => 'test',
    'SCRIPT_FILENAME' => '/home/webroot/basic/web/index.php',
    'REDIRECT_STATUS' => '200',
    'SERVER_NAME' => 'test',
    'SERVER_PORT' => '80',
    'SERVER_ADDR' => '172.18.0.4',
    'REMOTE_PORT' => '41844',
    'REMOTE_ADDR' => '172.18.0.1',
    'SERVER_SOFTWARE' => 'nginx/1.16.1',
    'GATEWAY_INTERFACE' => 'CGI/1.1',
    'REQUEST_SCHEME' => 'http',
    'SERVER_PROTOCOL' => 'HTTP/1.1',
    'DOCUMENT_ROOT' => '/home/webroot/basic/web',
    'DOCUMENT_URI' => '/index.php',
    'REQUEST_URI' => '/index.php?r=hello',
    'SCRIPT_NAME' => '/index.php',
    'CONTENT_LENGTH' => '',
    'CONTENT_TYPE' => '',
    'REQUEST_METHOD' => 'GET',
    'QUERY_STRING' => 'r=hello',
    'FCGI_ROLE' => 'RESPONDER',
    'PHP_SELF' => '/index.php',
    'REQUEST_TIME_FLOAT' => 1591328008.815316,
    'REQUEST_TIME' => 1591328008,
    'argv' => [
        'r=hello',
    ],
    'argc' => 1,
]" while reading upstream, client: 172.18.0.1, server: test, request: "GET /index.php?r=hello HTTP/1.1", upstream: "fastcgi://172.18.0.3:9000", host: "test"
